<?xml version="1.0" encoding="UTF-8"?>
<testng-results ignored="0" total="1" passed="1" failed="0" skipped="0">
  <reporter-output>
  </reporter-output>
  <suite started-at="2023-07-19T13:42:53 EDT" name="Suite" finished-at="2023-07-19T13:43:21 EDT" duration-ms="28247">
    <groups>
    </groups>
    <test started-at="2023-07-19T13:42:53 EDT" name="Test" finished-at="2023-07-19T13:43:21 EDT" duration-ms="28247">
      <class name="practice_jenkins.test">
        <test-method signature="demo()[pri:0, instance:practice_jenkins.test@15aab8c6]" started-at="2023-07-19T13:42:53 EDT" name="demo" finished-at="2023-07-19T13:43:21 EDT" duration-ms="28194" status="PASS">
          <reporter-output>
          </reporter-output>
        </test-method> <!-- demo -->
      </class> <!-- practice_jenkins.test -->
    </test> <!-- Test -->
  </suite> <!-- Suite -->
</testng-results>
